<?xml version="1.0" encoding="UTF-8"?>
<!-- Generated by org.testng.reporters.JUnitReportReporter -->
<testsuite skipped="0" hostname="ubuntu-Lenovo-C40-05" name="com.qa.tutorialninja.tests.AccountPageTest" tests="5" failures="0" timestamp="2021-12-16T13:00:37 PST" time="4.034" errors="0">
  <testcase name="getAccPageTitleTest" time="0.299" classname="com.qa.tutorialninja.tests.AccountPageTest"/>
  <system-out/>
  <testcase name="getHeaderValueTest" time="0.854" classname="com.qa.tutorialninja.tests.AccountPageTest"/>
  <system-out/>
  <testcase name="getAccSectionCountTest" time="0.204" classname="com.qa.tutorialninja.tests.AccountPageTest"/>
  <system-out/>
  <testcase name="getAccSectionListTest" time="0.700" classname="com.qa.tutorialninja.tests.AccountPageTest"/>
  <system-out/>
  <testcase name="doSearchTest" time="1.977" classname="com.qa.tutorialninja.tests.AccountPageTest"/>
  <system-out/>
</testsuite> <!-- com.qa.tutorialninja.tests.AccountPageTest -->
