<?xml version="1.0" encoding="UTF-8"?>
<!-- Generated by org.testng.reporters.JUnitReportReporter -->
<testsuite skipped="0" hostname="ubuntu-Lenovo-C40-05" name="com.qa.tutorialninja.tests.LoginPageTest" tests="4" failures="0" timestamp="2021-12-16T13:00:39 PST" time="9.839" errors="0">
  <testcase name="getLoginPageTitleTest" time="1.785" classname="com.qa.tutorialninja.tests.LoginPageTest"/>
  <system-out/>
  <testcase name="getHeaderValueTest" time="1.835" classname="com.qa.tutorialninja.tests.LoginPageTest"/>
  <system-out/>
  <testcase name="isForgotPasswordExistTest" time="2.934" classname="com.qa.tutorialninja.tests.LoginPageTest"/>
  <system-out/>
  <testcase name="doLoginTest" time="3.285" classname="com.qa.tutorialninja.tests.LoginPageTest"/>
  <system-out/>
</testsuite> <!-- com.qa.tutorialninja.tests.LoginPageTest -->
